<?xml version="1.0" encoding="UTF-8"?>
<coverage generated="1537832198035" clover="3.2.0">
  <project timestamp="1537832198035" name="All files">
    <metrics statements="24" coveredstatements="7" conditionals="4" coveredconditionals="0" methods="9" coveredmethods="3" elements="37" coveredelements="10" complexity="0" loc="24" ncloc="24" packages="3" files="4" classes="4">
      <package name="Components">
        <metrics statements="5" coveredstatements="3" conditionals="0" coveredconditionals="0" methods="4" coveredmethods="3"/>
        <file name="AppHome.vue" path="C:\Users\mikey_000\code\vue_exploration_time\Section 18\src\Components\AppHome.vue">
          <metrics statements="2" coveredstatements="2" conditionals="0" coveredconditionals="0" methods="2" coveredmethods="2"/>
          <line num="14" count="1" type="stmt"/>
          <line num="18" count="1" type="stmt"/>
        </file>
        <file name="MyPortfolioCard.vue" path="C:\Users\mikey_000\code\vue_exploration_time\Section 18\src\Components\MyPortfolioCard.vue">
          <metrics statements="3" coveredstatements="1" conditionals="0" coveredconditionals="0" methods="2" coveredmethods="1"/>
          <line num="17" count="2" type="stmt"/>
          <line num="27" count="0" type="stmt"/>
          <line num="29" count="0" type="stmt"/>
        </file>
      </package>
      <package name="Store">
        <metrics statements="15" coveredstatements="0" conditionals="4" coveredconditionals="0" methods="5" coveredmethods="0"/>
        <file name="index.js" path="C:\Users\mikey_000\code\vue_exploration_time\Section 18\src\Store\index.js">
          <metrics statements="15" coveredstatements="0" conditionals="4" coveredconditionals="0" methods="5" coveredmethods="0"/>
          <line num="1" count="0" type="stmt"/>
          <line num="2" count="0" type="stmt"/>
          <line num="4" count="0" type="stmt"/>
          <line num="6" count="0" type="stmt"/>
          <line num="35" count="0" type="stmt"/>
          <line num="38" count="0" type="stmt"/>
          <line num="41" count="0" type="cond" truecount="0" falsecount="2"/>
          <line num="42" count="0" type="stmt"/>
          <line num="44" count="0" type="stmt"/>
          <line num="50" count="0" type="stmt"/>
          <line num="53" count="0" type="cond" truecount="0" falsecount="2"/>
          <line num="54" count="0" type="stmt"/>
          <line num="56" count="0" type="stmt"/>
          <line num="57" count="0" type="stmt"/>
          <line num="58" count="0" type="stmt"/>
        </file>
      </package>
      <package name="tests.components.store">
        <metrics statements="4" coveredstatements="4" conditionals="0" coveredconditionals="0" methods="0" coveredmethods="0"/>
        <file name="store.js" path="C:\Users\mikey_000\code\vue_exploration_time\Section 18\src\tests\components\store\store.js">
          <metrics statements="4" coveredstatements="4" conditionals="0" coveredconditionals="0" methods="0" coveredmethods="0"/>
          <line num="4" count="3" type="stmt"/>
          <line num="5" count="3" type="stmt"/>
          <line num="7" count="3" type="stmt"/>
          <line num="40" count="3" type="stmt"/>
        </file>
      </package>
    </metrics>
  </project>
</coverage>
