{"C:\\Users\\mikey_000\\code\\vue_exploration_time\\Section 18\\src\\App.vue": {"path":"C:\\Users\\mikey_000\\code\\vue_exploration_time\\Section 18\\src\\App.vue","statementMap":{"0":{"start":{"line":10,"column":0},"end":{"line":null,"column":-1}},"1":{"start":{"line":17,"column":0},"end":{"line":null,"column":-1}}},"fnMap":{"0":{"name":"data","decl":{"start":{"line":16,"column":0},"end":{"line":null,"column":-1}},"loc":{"start":{"line":16,"column":0},"end":{"line":18,"column":0}}}},"branchMap":{},"s":{"0":0,"1":0},"f":{"0":0},"b":{}}
,"C:\\Users\\mikey_000\\code\\vue_exploration_time\\Section 18\\src\\main.js": {"path":"C:\\Users\\mikey_000\\code\\vue_exploration_time\\Section 18\\src\\main.js","statementMap":{"0":{"start":{"line":1,"column":0},"end":{"line":null,"column":-1}},"1":{"start":{"line":2,"column":0},"end":{"line":null,"column":-1}},"2":{"start":{"line":3,"column":0},"end":{"line":null,"column":-1}},"3":{"start":{"line":4,"column":0},"end":{"line":null,"column":-1}},"4":{"start":{"line":6,"column":0},"end":{"line":null,"column":-1}},"5":{"start":{"line":8,"column":15},"end":{"line":8,"column":0}},"6":{"start":{"line":12,"column":0},"end":{"line":null,"column":-1}},"7":{"start":{"line":14,"column":10},"end":{"line":null,"column":-1}}},"fnMap":{"0":{"name":"render","decl":{"start":{"line":14,"column":10},"end":{"line":null,"column":-1}},"loc":{"start":{"line":14,"column":10},"end":{"line":12,"column":8}}}},"branchMap":{},"s":{"0":0,"1":0,"2":0,"3":0,"4":0,"5":0,"6":0,"7":0},"f":{"0":0},"b":{}}
,"C:\\Users\\mikey_000\\code\\vue_exploration_time\\Section 18\\src\\routes.js": {"path":"C:\\Users\\mikey_000\\code\\vue_exploration_time\\Section 18\\src\\routes.js","statementMap":{"0":{"start":{"line":1,"column":0},"end":{"line":null,"column":-1}},"1":{"start":{"line":2,"column":0},"end":{"line":null,"column":-1}},"2":{"start":{"line":3,"column":0},"end":{"line":null,"column":-1}},"3":{"start":{"line":5,"column":15},"end":{"line":5,"column":0}}},"fnMap":{},"branchMap":{},"s":{"0":0,"1":0,"2":0,"3":0},"f":{},"b":{}}
,"C:\\Users\\mikey_000\\code\\vue_exploration_time\\Section 18\\src\\Components\\AppHome.vue": {"path":"C:\\Users\\mikey_000\\code\\vue_exploration_time\\Section 18\\src\\Components\\AppHome.vue","statementMap":{"0":{"start":{"line":14,"column":0},"end":{"line":null,"column":-1}}},"fnMap":{"0":{"name":"data","decl":{"start":{"line":13,"column":0},"end":{"line":null,"column":-1}},"loc":{"start":{"line":13,"column":0},"end":{"line":17,"column":0}}}},"branchMap":{},"s":{"0":1},"f":{"0":1},"b":{}}
,"C:\\Users\\mikey_000\\code\\vue_exploration_time\\Section 18\\src\\Components\\TheHeader.vue": {"path":"C:\\Users\\mikey_000\\code\\vue_exploration_time\\Section 18\\src\\Components\\TheHeader.vue","statementMap":{"0":{"start":{"line":48,"column":0},"end":{"line":null,"column":-1}}},"fnMap":{"0":{"name":"data","decl":{"start":{"line":47,"column":0},"end":{"line":null,"column":-1}},"loc":{"start":{"line":47,"column":0},"end":{"line":51,"column":0}}}},"branchMap":{},"s":{"0":1},"f":{"0":1},"b":{}}
}
