{"C:\\Users\\mikey_000\\code\\vue_exploration_time\\Section 18\\.eslintrc.js": {"path":"C:\\Users\\mikey_000\\code\\vue_exploration_time\\Section 18\\.eslintrc.js","statementMap":{"0":{"start":{"line":1,"column":0},"end":{"line":null,"column":-1}}},"fnMap":{},"branchMap":{},"s":{"0":0},"f":{},"b":{}}
,"C:\\Users\\mikey_000\\code\\vue_exploration_time\\Section 18\\webpack.config.js": {"path":"C:\\Users\\mikey_000\\code\\vue_exploration_time\\Section 18\\webpack.config.js","statementMap":{"0":{"start":{"line":1,"column":11},"end":{"line":1,"column":0}},"1":{"start":{"line":2,"column":14},"end":{"line":2,"column":0}},"2":{"start":{"line":4,"column":0},"end":{"line":null,"column":-1}},"3":{"start":{"line":65,"column":0},"end":{"line":84,"column":1}},"4":{"start":{"line":66,"column":2},"end":{"line":null,"column":-1}},"5":{"start":{"line":68,"column":2},"end":{"line":null,"column":-1}}},"fnMap":{},"branchMap":{"0":{"loc":{"start":{"line":65,"column":0},"end":{"line":84,"column":1}},"type":"if","locations":[{"start":{"line":65,"column":0},"end":{"line":84,"column":1}},{"start":{"line":65,"column":0},"end":{"line":84,"column":1}}]},"1":{"loc":{"start":{"line":68,"column":28},"end":{"line":68,"column":27}},"type":"binary-expr","locations":[{"start":{"line":68,"column":28},"end":{"line":68,"column":27}},{"start":{"line":68,"column":54},"end":{"line":68,"column":27}}]}},"s":{"0":0,"1":0,"2":0,"3":0,"4":0,"5":0},"f":{},"b":{"0":[0,0],"1":[0,0]}}
,"C:\\Users\\mikey_000\\code\\vue_exploration_time\\Section 18\\src\\main.js": {"path":"C:\\Users\\mikey_000\\code\\vue_exploration_time\\Section 18\\src\\main.js","statementMap":{"0":{"start":{"line":1,"column":0},"end":{"line":null,"column":-1}},"1":{"start":{"line":2,"column":0},"end":{"line":null,"column":-1}},"2":{"start":{"line":3,"column":0},"end":{"line":null,"column":-1}},"3":{"start":{"line":4,"column":0},"end":{"line":null,"column":-1}},"4":{"start":{"line":5,"column":0},"end":{"line":null,"column":-1}},"5":{"start":{"line":6,"column":0},"end":{"line":null,"column":-1}},"6":{"start":{"line":9,"column":0},"end":{"line":null,"column":-1}},"7":{"start":{"line":10,"column":0},"end":{"line":null,"column":-1}},"8":{"start":{"line":12,"column":15},"end":{"line":12,"column":0}},"9":{"start":{"line":16,"column":0},"end":{"line":null,"column":-1}},"10":{"start":{"line":18,"column":10},"end":{"line":null,"column":-1}}},"fnMap":{"0":{"name":"render","decl":{"start":{"line":18,"column":10},"end":{"line":null,"column":-1}},"loc":{"start":{"line":18,"column":10},"end":{"line":16,"column":8}}}},"branchMap":{},"s":{"0":0,"1":0,"2":0,"3":0,"4":0,"5":0,"6":0,"7":0,"8":0,"9":0,"10":0},"f":{"0":0},"b":{}}
,"C:\\Users\\mikey_000\\code\\vue_exploration_time\\Section 18\\src\\Components\\AppStocks.vue": {"path":"C:\\Users\\mikey_000\\code\\vue_exploration_time\\Section 18\\src\\Components\\AppStocks.vue","statementMap":{"0":{"start":{"line":8,"column":0},"end":{"line":null,"column":-1}}},"fnMap":{"0":{"name":"data","decl":{"start":{"line":7,"column":0},"end":{"line":null,"column":-1}},"loc":{"start":{"line":7,"column":0},"end":{"line":11,"column":0}}}},"branchMap":{},"s":{"0":0},"f":{"0":0},"b":{}}
,"C:\\Users\\mikey_000\\code\\vue_exploration_time\\Section 18\\src\\Components\\AppStocksCard.vue": {"path":"C:\\Users\\mikey_000\\code\\vue_exploration_time\\Section 18\\src\\Components\\AppStocksCard.vue","statementMap":{"0":{"start":{"line":18,"column":0},"end":{"line":null,"column":-1}},"1":{"start":{"line":24,"column":0},"end":{"line":null,"column":-1}},"2":{"start":{"line":23,"column":0},"end":{"line":null,"column":-1}},"3":{"start":{"line":26,"column":0},"end":{"line":null,"column":-1}}},"fnMap":{"0":{"name":"data","decl":{"start":{"line":17,"column":0},"end":{"line":null,"column":-1}},"loc":{"start":{"line":17,"column":0},"end":{"line":21,"column":0}}},"1":{"name":"handleSubmit","decl":{"start":{"line":23,"column":0},"end":{"line":null,"column":-1}},"loc":{"start":{"line":23,"column":0},"end":{"line":31,"column":0}}}},"branchMap":{},"s":{"0":0,"1":0,"2":0,"3":0},"f":{"0":0,"1":0},"b":{}}
,"C:\\Users\\mikey_000\\code\\vue_exploration_time\\Section 18\\src\\Store\\index.js": {"path":"C:\\Users\\mikey_000\\code\\vue_exploration_time\\Section 18\\src\\Store\\index.js","statementMap":{"0":{"start":{"line":1,"column":0},"end":{"line":null,"column":-1}},"1":{"start":{"line":3,"column":14},"end":{"line":3,"column":0}},"2":{"start":{"line":9,"column":6},"end":{"line":null,"column":-1}}},"fnMap":{"0":{"name":"depositFunds","decl":{"start":{"line":7,"column":13},"end":{"line":8,"column":16}},"loc":{"start":{"line":8,"column":24},"end":{"line":10,"column":5}}}},"branchMap":{},"s":{"0":0,"1":0,"2":0},"f":{"0":0},"b":{}}
}
