TN:
SF:C:\Users\mikey_000\code\vue_exploration_time\Section 18\src\App.vue
FN:16,data
FNF:1
FNH:0
FNDA:0,data
DA:10,0
DA:17,0
LF:2
LH:0
BRF:0
BRH:0
end_of_record
TN:
SF:C:\Users\mikey_000\code\vue_exploration_time\Section 18\src\main.js
FN:14,render
FNF:1
FNH:0
FNDA:0,render
DA:1,0
DA:2,0
DA:3,0
DA:4,0
DA:6,0
DA:8,0
DA:12,0
DA:14,0
LF:8
LH:0
BRF:0
BRH:0
end_of_record
TN:
SF:C:\Users\mikey_000\code\vue_exploration_time\Section 18\src\routes.js
FNF:0
FNH:0
DA:1,0
DA:2,0
DA:3,0
DA:5,0
LF:4
LH:0
BRF:0
BRH:0
end_of_record
TN:
SF:C:\Users\mikey_000\code\vue_exploration_time\Section 18\src\Components\AppHome.vue
FN:13,data
FNF:1
FNH:1
FNDA:1,data
DA:14,1
LF:1
LH:1
BRF:0
BRH:0
end_of_record
TN:
SF:C:\Users\mikey_000\code\vue_exploration_time\Section 18\src\Components\TheHeader.vue
FN:47,data
FNF:1
FNH:1
FNDA:1,data
DA:48,1
LF:1
LH:1
BRF:0
BRH:0
end_of_record
