TN:
SF:C:\Users\mikey_000\code\vue_exploration_time\Section 18\src\routes.js
FNF:0
FNH:0
DA:1,0
DA:2,0
DA:3,0
DA:4,0
DA:6,0
LF:5
LH:0
BRF:0
BRH:0
end_of_record
TN:
SF:C:\Users\mikey_000\code\vue_exploration_time\Section 18\src\Components\AppStocks.vue
FN:23,companiesArray
FN:27,data
FNF:2
FNH:2
FNDA:3,companiesArray
FNDA:3,data
DA:17,1
DA:24,3
DA:28,3
LF:3
LH:3
BRF:0
BRH:0
end_of_record
TN:
SF:C:\Users\mikey_000\code\vue_exploration_time\Section 18\src\Components\AppStocksCard.vue
FN:20,data
FN:27,handleSubmit
FNF:2
FNH:2
FNDA:15,data
FNDA:1,handleSubmit
DA:21,15
DA:27,4
DA:29,1
LF:3
LH:3
BRF:0
BRH:0
end_of_record
TN:
SF:C:\Users\mikey_000\code\vue_exploration_time\Section 18\src\Components\MyPortfolioCard.vue
FN:16,data
FN:28,handleSubmit
FNF:2
FNH:2
FNDA:9,data
FNDA:1,handleSubmit
DA:17,9
DA:28,4
DA:30,1
LF:3
LH:3
BRF:0
BRH:0
end_of_record
TN:
SF:C:\Users\mikey_000\code\vue_exploration_time\Section 18\src\Components\MyPortfolioPage.vue
FN:22,myStocks
FNF:1
FNH:1
FNDA:2,myStocks
DA:16,1
DA:23,2
LF:2
LH:2
BRF:0
BRH:0
end_of_record
TN:
SF:C:\Users\mikey_000\code\vue_exploration_time\Section 18\src\Components\TheHeader.vue
FN:49,data
FN:53,funds
FNF:2
FNH:2
FNDA:2,data
FNDA:2,funds
DA:50,2
DA:54,2
LF:2
LH:2
BRF:0
BRH:0
end_of_record
TN:
SF:C:\Users\mikey_000\code\vue_exploration_time\Section 18\src\Store\actions.js
FNF:0
FNH:0
DA:1,6
DA:3,0
DA:8,0
DA:9,0
DA:10,0
DA:11,0
DA:13,0
DA:14,0
DA:21,0
DA:24,0
DA:25,0
DA:26,0
DA:27,0
DA:29,0
DA:30,0
LF:15
LH:1
BRDA:9,0,0,0
BRDA:9,0,1,0
BRDA:25,1,0,0
BRDA:25,1,1,0
BRDA:25,2,0,0
BRDA:25,2,1,0
BRF:6
BRH:0
end_of_record
TN:
SF:C:\Users\mikey_000\code\vue_exploration_time\Section 18\src\Store\getters.js
FN:2,(anonymous_0)
FN:3,(anonymous_1)
FN:4,(anonymous_2)
FN:5,(anonymous_3)
FN:6,(anonymous_4)
FN:7,(anonymous_5)
FN:9,(anonymous_6)
FN:16,(anonymous_7)
FN:18,(anonymous_8)
FNF:9
FNH:5
FNDA:1,(anonymous_0)
FNDA:0,(anonymous_1)
FNDA:0,(anonymous_2)
FNDA:0,(anonymous_3)
FNDA:0,(anonymous_4)
FNDA:1,(anonymous_5)
FNDA:3,(anonymous_6)
FNDA:1,(anonymous_7)
FNDA:4,(anonymous_8)
DA:1,6
DA:2,1
DA:3,0
DA:4,0
DA:5,0
DA:6,0
DA:8,1
DA:9,3
DA:17,1
DA:18,4
LF:10
LH:6
BRF:0
BRH:0
end_of_record
TN:
SF:C:\Users\mikey_000\code\vue_exploration_time\Section 18\src\Store\index.js
FNF:0
FNH:0
DA:7,6
DA:10,6
LF:2
LH:2
BRF:0
BRH:0
end_of_record
TN:
SF:C:\Users\mikey_000\code\vue_exploration_time\Section 18\src\Store\mutations.js
FNF:0
FNH:0
DA:1,6
DA:3,1
DA:6,1
DA:9,3
DA:10,3
DA:11,3
DA:12,1
DA:14,2
DA:15,2
DA:16,2
LF:10
LH:10
BRDA:11,0,0,1
BRDA:11,0,1,2
BRF:2
BRH:2
end_of_record
TN:
SF:C:\Users\mikey_000\code\vue_exploration_time\Section 18\src\tests\components\store\store.js
FN:45,(anonymous_0)
FNF:1
FNH:1
FNDA:3,(anonymous_0)
DA:9,6
DA:10,6
DA:12,6
DA:17,6
DA:18,6
DA:19,6
DA:45,6
DA:46,3
DA:47,3
DA:48,3
DA:51,6
LF:11
LH:11
BRF:0
BRH:0
end_of_record
